[?1049h[1;24r(B[m[4l[?7h[?1h=[H[2J[1;13HUWA AUTONOMOUS SAE CAR CONTROLLER - THOMAS DRAGE 2013
Manual State: 0
Trip State: 0
HB State: 0[4;51HIBEO State: 0
Car Net State: Waiting to accept a connection     IBEO N Objects: 0
Safety Serial State: 0[6;51HIBEO N Scan Pts: 0
LowLevel Serial State: 0[7;51HIBEO Scan No: 0
Brake IL Status: 1[9;51HGPS State: 1
Current Steering Posn: 0[10;51HGPS Latitude: 0.000000
Current Throttle/Brake Level: 0[11;51HGPS Longitude: 0.000000[12;51HGPS Speed: 0.000000[13;51HGPS Track Angle: 0.000000

Log: 30/03/15 15:40:57: si[1]: 0.49144971521474151
Log: 30/03/15 15:40:57: si[2]: 0.98289943042948302
Log: 30/03/15 15:40:57: si[3]: 1.4743491456442246
Log: 30/03/15 15:40:57: si[4]: 1.965798860858966
Log: 30/03/15 15:40:57: #Samples: 35
Log: 30/03/15 15:40:57: Total Baseframe Path Length: 17.200740032515952
Log: 30/03/15 15:40:57: #Curvature Samples: 35
Log: 30/03/15 15:40:57: Control - loaded 0 fence and 5 waypoints.
Log: 30/03/15 15:40:57: IPC - Received SETDATUM,-31.980569,115.81780700000002
Log: 30/03/15 15:40:57: IPC - Setting new datum -31.980569115.81780700000002[16d